\BOOKMARK [1][-]{section.1}{Summary}{}% 1
\BOOKMARK [1][-]{section.2}{Introduction}{}% 2
\BOOKMARK [1][-]{section.3}{Wood structure and formation}{}% 3
\BOOKMARK [2][-]{subsection.3.1}{Cell division, formation, elongation and death}{section.3}% 4
\BOOKMARK [2][-]{subsection.3.2}{Cells and wood in the context of a whole tree}{section.3}% 5
\BOOKMARK [1][-]{section.4}{History of work on growth stresses}{}% 6
\BOOKMARK [2][-]{subsection.4.1}{Cellular modeling not focusing on growth stresses}{section.4}% 7
\BOOKMARK [2][-]{subsection.4.2}{Experimentation}{section.4}% 8
\BOOKMARK [2][-]{subsection.4.3}{Why growth stresses exist}{section.4}% 9
\BOOKMARK [2][-]{subsection.4.4}{Issues growth stresses cause }{section.4}% 10
\BOOKMARK [1][-]{section.5}{Proposed theoretical and experimental work}{}% 11
\BOOKMARK [2][-]{subsection.5.1}{Theoretical work}{section.5}% 12
\BOOKMARK [2][-]{subsection.5.2}{Experimental work}{section.5}% 13
\BOOKMARK [2][-]{subsection.5.3}{Breading}{section.5}% 14
\BOOKMARK [1][-]{section.6}{Limitations and key assumptions}{}% 15
\BOOKMARK [1][-]{section.7}{Objectives}{}% 16
\BOOKMARK [1][-]{section.8}{Importance and contribution of research}{}% 17
\BOOKMARK [1][-]{section.9}{Costs}{}% 18
\BOOKMARK [1][-]{section.10}{Timeline}{}% 19
\BOOKMARK [1][-]{section.11}{Health and Safety risk assessment}{}% 20
\BOOKMARK [1][-]{section.12}{Proposed Chapters}{}% 21
\BOOKMARK [1][-]{section.13}{Preliminary results}{}% 22
